2019-11-16 22:54:51,937 - ************************************************************** 
2019-11-16 22:54:51,937 - Starting Jakarta Velocity v1.4
2019-11-16 22:54:51,937 - RuntimeInstance initializing.
2019-11-16 22:54:51,937 - Default Properties File: org\apache\velocity\runtime\defaults\velocity.properties
2019-11-16 22:54:51,937 - Trying to use logger class org.apache.velocity.runtime.log.SimpleLog4JLogSystem
2019-11-16 22:54:51,937 - Using logger class org.apache.velocity.runtime.log.SimpleLog4JLogSystem
2019-11-16 22:54:51,937 - Default ResourceManager initializing. (class org.apache.velocity.runtime.resource.ResourceManagerImpl)
2019-11-16 22:54:51,937 - Resource Loader Instantiated: org.apache.velocity.runtime.resource.loader.ClasspathResourceLoader
2019-11-16 22:54:51,937 - ClasspathResourceLoader : initialization starting.
2019-11-16 22:54:51,937 - ClasspathResourceLoader : initialization complete.
2019-11-16 22:54:51,953 - ResourceCache : initialized. (class org.apache.velocity.runtime.resource.ResourceCacheImpl)
2019-11-16 22:54:51,953 - Default ResourceManager initialization complete.
2019-11-16 22:54:51,953 - Loaded System Directive: org.apache.velocity.runtime.directive.Literal
2019-11-16 22:54:51,953 - Loaded System Directive: org.apache.velocity.runtime.directive.Macro
2019-11-16 22:54:51,953 - Loaded System Directive: org.apache.velocity.runtime.directive.Parse
2019-11-16 22:54:51,953 - Loaded System Directive: org.apache.velocity.runtime.directive.Include
2019-11-16 22:54:51,953 - Loaded System Directive: org.apache.velocity.runtime.directive.Foreach
2019-11-16 22:54:51,984 - Created: 20 parsers.
2019-11-16 22:54:51,984 - Velocimacro : initialization starting.
2019-11-16 22:54:51,984 - Velocimacro : adding VMs from VM library template : VM_global_library.vm
2019-11-16 22:54:51,984 - ResourceManager : unable to find resource 'VM_global_library.vm' in any resource loader.
2019-11-16 22:54:51,984 - Velocimacro : error using  VM library template VM_global_library.vm : org.apache.velocity.exception.ResourceNotFoundException: Unable to find resource 'VM_global_library.vm'
2019-11-16 22:54:51,984 - Velocimacro :  VM library template macro registration complete.
2019-11-16 22:54:51,984 - Velocimacro : allowInline = true : VMs can be defined inline in templates
2019-11-16 22:54:51,984 - Velocimacro : allowInlineToOverride = false : VMs defined inline may NOT replace previous VM definitions
2019-11-16 22:54:51,984 - Velocimacro : allowInlineLocal = false : VMs defined inline will be  global in scope if allowed.
2019-11-16 22:54:51,984 - Velocimacro : messages on  : VM system will output logging messages
2019-11-16 22:54:51,984 - Velocimacro : autoload off  : VM system will not automatically reload global library macros
2019-11-16 22:54:51,984 - Velocimacro : initialization complete.
2019-11-16 22:54:51,984 - Velocity successfully started.
2019-11-16 22:56:20,303 - SimpleLog4JLogSystem initialized using logfile 'velocity.log'
2019-11-16 22:56:20,303 - ************************************************************** 
2019-11-16 22:56:20,303 - Starting Jakarta Velocity v1.4
2019-11-16 22:56:20,303 - RuntimeInstance initializing.
2019-11-16 22:56:20,303 - Default Properties File: org\apache\velocity\runtime\defaults\velocity.properties
2019-11-16 22:56:20,303 - Trying to use logger class org.apache.velocity.runtime.log.SimpleLog4JLogSystem
2019-11-16 22:56:20,303 - Using logger class org.apache.velocity.runtime.log.SimpleLog4JLogSystem
2019-11-16 22:56:20,303 - Default ResourceManager initializing. (class org.apache.velocity.runtime.resource.ResourceManagerImpl)
2019-11-16 22:56:20,303 - Resource Loader Instantiated: org.apache.velocity.runtime.resource.loader.ClasspathResourceLoader
2019-11-16 22:56:20,303 - ClasspathResourceLoader : initialization starting.
2019-11-16 22:56:20,303 - ClasspathResourceLoader : initialization complete.
2019-11-16 22:56:20,303 - ResourceCache : initialized. (class org.apache.velocity.runtime.resource.ResourceCacheImpl)
2019-11-16 22:56:20,303 - Default ResourceManager initialization complete.
2019-11-16 22:56:20,303 - Loaded System Directive: org.apache.velocity.runtime.directive.Literal
2019-11-16 22:56:20,319 - Loaded System Directive: org.apache.velocity.runtime.directive.Macro
2019-11-16 22:56:20,319 - Loaded System Directive: org.apache.velocity.runtime.directive.Parse
2019-11-16 22:56:20,319 - Loaded System Directive: org.apache.velocity.runtime.directive.Include
2019-11-16 22:56:20,319 - Loaded System Directive: org.apache.velocity.runtime.directive.Foreach
2019-11-16 22:56:20,350 - Created: 20 parsers.
2019-11-16 22:56:20,350 - Velocimacro : initialization starting.
2019-11-16 22:56:20,350 - Velocimacro : adding VMs from VM library template : VM_global_library.vm
2019-11-16 22:56:20,350 - ResourceManager : unable to find resource 'VM_global_library.vm' in any resource loader.
2019-11-16 22:56:20,350 - Velocimacro : error using  VM library template VM_global_library.vm : org.apache.velocity.exception.ResourceNotFoundException: Unable to find resource 'VM_global_library.vm'
2019-11-16 22:56:20,350 - Velocimacro :  VM library template macro registration complete.
2019-11-16 22:56:20,350 - Velocimacro : allowInline = true : VMs can be defined inline in templates
2019-11-16 22:56:20,350 - Velocimacro : allowInlineToOverride = false : VMs defined inline may NOT replace previous VM definitions
2019-11-16 22:56:20,350 - Velocimacro : allowInlineLocal = false : VMs defined inline will be  global in scope if allowed.
2019-11-16 22:56:20,350 - Velocimacro : messages on  : VM system will output logging messages
2019-11-16 22:56:20,350 - Velocimacro : autoload off  : VM system will not automatically reload global library macros
2019-11-16 22:56:20,350 - Velocimacro : initialization complete.
2019-11-16 22:56:20,350 - Velocity successfully started.
